<!DOCTYPE html PUBLIC "-//W3C//DTD XHTML 1.1//EN" "https://www.w3.org/TR/xhtml11/DTD/xhtml11.dtd">
<html xmlns="https://www.w3.org/1999/xhtml">
<head>
<meta http-equiv="content-type" content="text/html; charset=UTF-8"/>
<title>TestNG Report</title>
<style type="text/css">table {margin-bottom:10px;border-collapse:collapse;empty-cells:show}th,td {border:1px solid #009;padding:.25em .5em}th {vertical-align:bottom}td {vertical-align:top}table a {font-weight:bold}.stripe td {background-color: #E6EBF9}.num {text-align:right}.passedodd td {background-color: #3F3}.passedeven td {background-color: #0A0}.skippedodd td {background-color: #DDD}.skippedeven td {background-color: #CCC}.failedodd td,.attn {background-color: #F33}.failedeven td,.stripe .attn {background-color: #D00}.stacktrace {white-space:pre;font-family:monospace}.totop {font-size:85%;text-align:center;border-bottom:2px solid #000}.invisible {display:none}</style>
</head>
<body>
<table>
<tr><th>Test</th><th># Passed</th><th># Skipped</th><th># Retried</th><th># Failed</th><th>Time (ms)</th><th>Included Groups</th><th>Excluded Groups</th></tr>
<tr><th colspan="8">All Test Suite</th></tr>
<tr><td><a href="#t0">User registration using firefox</a></td><td class="num">0</td><td class="num attn">1</td><td class="num">0</td><td class="num">0</td><td class="num">700</td><td></td><td></td></tr>
<tr class="stripe"><td><a href="#t1">User registration using chrome</a></td><td class="num">0</td><td class="num">0</td><td class="num">0</td><td class="num attn">1</td><td class="num">15,295</td><td></td><td></td></tr>
<tr><th>Total</th><th class="num">0</th><th class="num attn">1</th><th class="num">0</th><th class="num attn">1</th><th class="num">15,995</th><th colspan="2"></th></tr>
</table>
<table id='summary'><thead><tr><th>Class</th><th>Method</th><th>Start</th><th>Time (ms)</th></tr></thead><tbody><tr><th colspan="4">All Test Suite</th></tr></tbody><tbody id="t0"><tr><th colspan="4">User registration using firefox &#8212; skipped</th></tr><tr class="skippedeven"><td rowspan="1">createanaccounttests.CreateAnAccountTests</td><td><a href="#m0">createValidAccount</a></td><td rowspan="1">1652710693173</td><td rowspan="1">0</td></tr></tbody>
<tbody id="t1"><tr><th colspan="4">User registration using chrome &#8212; failed (configuration methods)</th></tr><tr class="failedeven"><td rowspan="1">purchaseproduct.PurchaseProduct</td><td><a href="#m1">recoredFaliures</a></td><td rowspan="1">1652710708079</td><td rowspan="1">1</td></tr><tr><th colspan="4">User registration using chrome &#8212; failed</th></tr><tr class="failedeven"><td rowspan="1">purchaseproduct.PurchaseProduct</td><td><a href="#m2">purchaseProduct</a></td><td rowspan="1">1652710695327</td><td rowspan="1">12737</td></tr></tbody>
</table>
<h2>User registration using firefox</h2><h3 id="m0">createanaccounttests.CreateAnAccountTests#createValidAccount</h3><table class="result"><tr><th>Exception</th></tr><tr><td><div class="stacktrace">java.lang.RuntimeException: java.lang.NullPointerException
	at java.util.ArrayList.forEach(ArrayList.java:1257)
	at java.util.concurrent.FutureTask.run(FutureTask.java:266)
	at java.util.concurrent.ThreadPoolExecutor.runWorker(ThreadPoolExecutor.java:1149)
	at java.util.concurrent.ThreadPoolExecutor$Worker.run(ThreadPoolExecutor.java:624)
	at java.lang.Thread.run(Thread.java:748)
Caused by: java.lang.NullPointerException
	at createanaccounttests.CreateAnAccountTests.getData(CreateAnAccountTests.java:22)
	... 20 more
... Removed 23 stack frames</div></td></tr></table><p class="totop"><a href="#summary">back to summary</a></p>
<h2>User registration using chrome</h2><h3 id="m1">purchaseproduct.PurchaseProduct#recoredFaliures</h3><table class="result"><tr class="param"><th>Parameter #1</th></tr><tr class="param stripe"><td>[TestResult name=purchaseProduct status=FAILURE method=PurchaseProduct.purchaseProduct(java.lang.String,java.lang.String)[pri:0, instance:purchaseproduct.PurchaseProduct@6a6cb05c] output={null}]</td></tr><tr><th>Exception</th></tr><tr><td><div class="stacktrace">java.lang.ClassCastException: com.sun.proxy.$Proxy19 cannot be cast to org.openqa.selenium.TakesScreenshot
	at basetests.BaseTests.recoredFaliures(BaseTests.java:63)
	at java.util.ArrayList.forEach(ArrayList.java:1257)
	at java.util.concurrent.FutureTask.run(FutureTask.java:266)
	at java.util.concurrent.ThreadPoolExecutor.runWorker(ThreadPoolExecutor.java:1149)
	at java.util.concurrent.ThreadPoolExecutor$Worker.run(ThreadPoolExecutor.java:624)
	at java.lang.Thread.run(Thread.java:748)
... Removed 23 stack frames</div></td></tr></table><p class="totop"><a href="#summary">back to summary</a></p>
<h3 id="m2">purchaseproduct.PurchaseProduct#purchaseProduct</h3><table class="result"><tr class="param"><th>Parameter #1</th><th>Parameter #2</th></tr><tr class="param stripe"><td>ashrytest@hotmail.com</td><td>1.23456789E8</td></tr><tr><th colspan="2">Exception</th></tr><tr><td colspan="2"><div class="stacktrace">java.lang.AssertionError: Please check your data expected [My account - My Store] but found [Login - My Store]
	at assertions.Assertions.assertOnPage(Assertions.java:15)
	at purchaseproduct.PurchaseProduct.purchaseProduct(PurchaseProduct.java:29)
	at java.util.ArrayList.forEach(ArrayList.java:1257)
	at java.util.concurrent.FutureTask.run(FutureTask.java:266)
	at java.util.concurrent.ThreadPoolExecutor.runWorker(ThreadPoolExecutor.java:1149)
	at java.util.concurrent.ThreadPoolExecutor$Worker.run(ThreadPoolExecutor.java:624)
	at java.lang.Thread.run(Thread.java:748)
... Removed 23 stack frames</div></td></tr></table><p class="totop"><a href="#summary">back to summary</a></p>
</body>
</html>
