<?xml version="1.0" encoding="UTF-8"?>
<testng-results skipped="0" failed="1" ignored="1" total="2" passed="0">
  <reporter-output>
  </reporter-output>
  <suite name="All Test Suite" duration-ms="51186" started-at="2022-04-24T21:53:13 EET" finished-at="2022-04-24T21:54:04 EET">
    <groups>
    </groups>
    <test name="D:/ITI Study/automation/Gemy" duration-ms="51186" started-at="2022-04-24T21:53:13 EET" finished-at="2022-04-24T21:54:04 EET">
      <class name="createanaccounttests.CreateAnAccountTests">
        <test-method status="PASS" signature="setUpClass(org.testng.ITestContext)[pri:0, instance:createanaccounttests.CreateAnAccountTests@47af7f3d]" name="setUpClass" is-config="true" duration-ms="237" started-at="2022-04-24T21:53:13 EET" finished-at="2022-04-24T21:53:14 EET">
          <params>
            <param index="0">
              <value>
                <![CDATA[org.testng.TestRunner@26dc9bd5]]>
              </value>
            </param>
          </params>
          <reporter-output>
          </reporter-output>
        </test-method> <!-- setUpClass -->
        <test-method status="PASS" signature="setUp(java.lang.String)[pri:0, instance:createanaccounttests.CreateAnAccountTests@47af7f3d]" name="setUp" is-config="true" duration-ms="16952" started-at="2022-04-24T21:53:14 EET" finished-at="2022-04-24T21:53:31 EET">
          <params>
            <param index="0">
              <value>
                <![CDATA[firefox]]>
              </value>
            </param>
          </params>
          <reporter-output>
          </reporter-output>
        </test-method> <!-- setUp -->
        <test-method status="FAIL" signature="createValidAccount(java.lang.String,java.lang.String,java.lang.String,java.lang.String,java.lang.String,java.lang.String,java.lang.String,java.lang.String,java.lang.String,java.lang.String)[pri:0, instance:createanaccounttests.CreateAnAccountTests@47af7f3d]" name="createValidAccount" duration-ms="29626" started-at="2022-04-24T21:53:31 EET" data-provider="CSV" finished-at="2022-04-24T21:54:00 EET">
          <params>
            <param index="0">
              <value>
                <![CDATA[g@live.com]]>
              </value>
            </param>
            <param index="1">
              <value>
                <![CDATA[Mohamed]]>
              </value>
            </param>
            <param index="2">
              <value>
                <![CDATA[Ashry]]>
              </value>
            </param>
            <param index="3">
              <value>
                <![CDATA[Ashriaans]]>
              </value>
            </param>
            <param index="4">
              <value>
                <![CDATA[123456789]]>
              </value>
            </param>
            <param index="5">
              <value>
                <![CDATA[Ain-Shams]]>
              </value>
            </param>
            <param index="6">
              <value>
                <![CDATA[Egypt]]>
              </value>
            </param>
            <param index="7">
              <value>
                <![CDATA[11772]]>
              </value>
            </param>
            <param index="8">
              <value>
                <![CDATA[01117745460]]>
              </value>
            </param>
            <param index="9">
              <value>
                <![CDATA[ hena]]>
              </value>
            </param>
          </params>
          <exception class="org.openqa.selenium.TimeoutException">
            <message>
              <![CDATA[Expected condition failed: waiting for visibility of element located by By.id: uniform-id_gender1 (tried for 20 second(s) with 500 milliseconds interval)
Build info: version: '4.1.2', revision: '9a5a329c5a'
System info: host: 'DESKTOP-ISNDRDG', ip: '192.168.56.1', os.name: 'Windows 10', os.arch: 'amd64', os.version: '10.0', java.version: '1.8.0_202'
Driver info: org.openqa.selenium.firefox.FirefoxDriver
Capabilities {acceptInsecureCerts: true, browserName: firefox, browserVersion: 98.0, javascriptEnabled: true, moz:accessibilityChecks: false, moz:buildID: 20220304153049, moz:debuggerAddress: localhost:51134, moz:geckodriverVersion: 0.31.0, moz:headless: false, moz:processID: 15764, moz:profile: C:\Users\Muham\AppData\Loca..., moz:shutdownTimeout: 60000, moz:useNonSpecCompliantPointerOrigin: false, moz:webdriverClick: true, pageLoadStrategy: normal, platform: WINDOWS, platformName: WINDOWS, platformVersion: 10.0, proxy: Proxy(), se:cdp: ws://localhost:51134/devtoo..., se:cdpVersion: 85.0, setWindowRect: true, strictFileInteractability: false, timeouts: {implicit: 0, pageLoad: 300000, script: 30000}, unhandledPromptBehavior: dismiss and notify}
Session ID: d453558e-e5aa-4415-a2b1-b4efa29eda95]]>
            </message>
            <full-stacktrace>
              <![CDATA[org.openqa.selenium.TimeoutException: Expected condition failed: waiting for visibility of element located by By.id: uniform-id_gender1 (tried for 20 second(s) with 500 milliseconds interval)
Build info: version: '4.1.2', revision: '9a5a329c5a'
System info: host: 'DESKTOP-ISNDRDG', ip: '192.168.56.1', os.name: 'Windows 10', os.arch: 'amd64', os.version: '10.0', java.version: '1.8.0_202'
Driver info: org.openqa.selenium.firefox.FirefoxDriver
Capabilities {acceptInsecureCerts: true, browserName: firefox, browserVersion: 98.0, javascriptEnabled: true, moz:accessibilityChecks: false, moz:buildID: 20220304153049, moz:debuggerAddress: localhost:51134, moz:geckodriverVersion: 0.31.0, moz:headless: false, moz:processID: 15764, moz:profile: C:\Users\Muham\AppData\Loca..., moz:shutdownTimeout: 60000, moz:useNonSpecCompliantPointerOrigin: false, moz:webdriverClick: true, pageLoadStrategy: normal, platform: WINDOWS, platformName: WINDOWS, platformVersion: 10.0, proxy: Proxy(), se:cdp: ws://localhost:51134/devtoo..., se:cdpVersion: 85.0, setWindowRect: true, strictFileInteractability: false, timeouts: {implicit: 0, pageLoad: 300000, script: 30000}, unhandledPromptBehavior: dismiss and notify}
Session ID: d453558e-e5aa-4415-a2b1-b4efa29eda95
at org.openqa.selenium.support.ui.WebDriverWait.timeoutException(WebDriverWait.java:138)
at org.openqa.selenium.support.ui.FluentWait.until(FluentWait.java:231)
at helper.Waits.explicitWaits(Waits.java:20)
at pages.CreateAnAccountPage.clickOnTitle(CreateAnAccountPage.java:12)
at createanaccounttests.CreateAnAccountTests.createValidAccount(CreateAnAccountTests.java:45)
at sun.reflect.NativeMethodAccessorImpl.invoke0(Native Method)
at sun.reflect.NativeMethodAccessorImpl.invoke(NativeMethodAccessorImpl.java:62)
at sun.reflect.DelegatingMethodAccessorImpl.invoke(DelegatingMethodAccessorImpl.java:43)
at java.lang.reflect.Method.invoke(Method.java:498)
at org.testng.internal.invokers.MethodInvocationHelper.invokeMethod(MethodInvocationHelper.java:135)
at org.testng.internal.invokers.TestInvoker.invokeMethod(TestInvoker.java:673)
at org.testng.internal.invokers.TestInvoker.invokeTestMethod(TestInvoker.java:220)
at org.testng.internal.invokers.MethodRunner.runInSequence(MethodRunner.java:50)
at org.testng.internal.invokers.TestInvoker$MethodInvocationAgent.invoke(TestInvoker.java:945)
at org.testng.internal.invokers.TestInvoker.invokeTestMethods(TestInvoker.java:193)
at org.testng.internal.invokers.TestMethodWorker.invokeTestMethods(TestMethodWorker.java:146)
at org.testng.internal.invokers.TestMethodWorker.run(TestMethodWorker.java:128)
at java.util.ArrayList.forEach(ArrayList.java:1257)
at org.testng.TestRunner.privateRun(TestRunner.java:808)
at org.testng.TestRunner.run(TestRunner.java:603)
at org.testng.SuiteRunner.runTest(SuiteRunner.java:429)
at org.testng.SuiteRunner.runSequentially(SuiteRunner.java:423)
at org.testng.SuiteRunner.privateRun(SuiteRunner.java:383)
at org.testng.SuiteRunner.run(SuiteRunner.java:326)
at org.testng.SuiteRunnerWorker.runSuite(SuiteRunnerWorker.java:52)
at org.testng.SuiteRunnerWorker.run(SuiteRunnerWorker.java:95)
at org.testng.TestNG.runSuitesSequentially(TestNG.java:1249)
at org.testng.TestNG.runSuitesLocally(TestNG.java:1169)
at org.testng.TestNG.runSuites(TestNG.java:1092)
at org.testng.TestNG.run(TestNG.java:1060)
at org.apache.maven.surefire.testng.TestNGExecutor.run(TestNGExecutor.java:284)
at org.apache.maven.surefire.testng.TestNGXmlTestSuite.execute(TestNGXmlTestSuite.java:75)
at org.apache.maven.surefire.testng.TestNGProvider.invoke(TestNGProvider.java:119)
at org.apache.maven.surefire.booter.ForkedBooter.runSuitesInProcess(ForkedBooter.java:428)
at org.apache.maven.surefire.booter.ForkedBooter.execute(ForkedBooter.java:162)
at org.apache.maven.surefire.booter.ForkedBooter.run(ForkedBooter.java:562)
at org.apache.maven.surefire.booter.ForkedBooter.main(ForkedBooter.java:548)
]]>
            </full-stacktrace>
          </exception> <!-- org.openqa.selenium.TimeoutException -->
          <reporter-output>
          </reporter-output>
        </test-method> <!-- createValidAccount -->
        <test-method status="PASS" signature="recoredFaliures(org.testng.ITestResult)[pri:0, instance:createanaccounttests.CreateAnAccountTests@47af7f3d]" name="recoredFaliures" is-config="true" duration-ms="249" started-at="2022-04-24T21:54:00 EET" finished-at="2022-04-24T21:54:01 EET">
          <params>
            <param index="0">
              <value>
                <![CDATA[[TestResult name=createValidAccount status=FAILURE method=CreateAnAccountTests.createValidAccount(java.lang.String,java.lang.String,java.lang.String,java.lang.String,java.lang.String,java.lang.String,java.lang.String,java.lang.String,java.lang.String,java.lang.String)[pri:0, instance:createanaccounttests.CreateAnAccountTests@47af7f3d] output={null}]]]>
              </value>
            </param>
          </params>
          <reporter-output>
          </reporter-output>
        </test-method> <!-- recoredFaliures -->
        <test-method status="PASS" signature="tearDown()[pri:0, instance:createanaccounttests.CreateAnAccountTests@47af7f3d]" name="tearDown" is-config="true" duration-ms="3718" started-at="2022-04-24T21:54:01 EET" finished-at="2022-04-24T21:54:04 EET">
          <reporter-output>
          </reporter-output>
        </test-method> <!-- tearDown -->
        <test-method status="PASS" signature="tearDownClass()[pri:0, instance:createanaccounttests.CreateAnAccountTests@47af7f3d]" name="tearDownClass" is-config="true" duration-ms="19" started-at="2022-04-24T21:54:04 EET" finished-at="2022-04-24T21:54:04 EET">
          <reporter-output>
          </reporter-output>
        </test-method> <!-- tearDownClass -->
      </class> <!-- createanaccounttests.CreateAnAccountTests -->
    </test> <!-- D:/ITI Study/automation/Gemy -->
  </suite> <!-- All Test Suite -->
</testng-results>
